[2m2026-01-18T06:20:29.005195Z[0m [32m INFO[0m ThreadId(01) [2m29:[0m Starting DOTS Family Daemon
[2m2026-01-18T06:20:29.005271Z[0m [32m INFO[0m ThreadId(01) [2m82:[0m Initializing daemon
[2m2026-01-18T06:20:29.005294Z[0m [32m INFO[0m ThreadId(01) [2m63:[0m Initializing database
[2m2026-01-18T06:20:29.005526Z[0m [33m WARN[0m ThreadId(01) [2m54:[0m Database encryption is not enabled
[2m2026-01-18T06:20:29.008135Z[0m [32m INFO[0m ThreadId(01) [2m59:[0m Database connection pool created: /tmp/dots-family.db
[2m2026-01-18T06:20:29.008189Z[0m [32m INFO[0m ThreadId(01) [2m15:[0m Running database migrations
[2m2026-01-18T06:20:29.008648Z[0m [32m INFO[0m ThreadId(01) [2m18:[0m Database migrations completed successfully
[2m2026-01-18T06:20:29.008671Z[0m [32m INFO[0m ThreadId(01) [2m77:[0m Database initialized successfully
[2m2026-01-18T06:20:29.008682Z[0m [32m INFO[0m ThreadId(01) [2m26:[0m Initializing daemon
[2m2026-01-18T06:20:29.008964Z[0m [32m INFO[0m ThreadId(01) [2m104:[0m Loaded daemon configuration from "/home/shift/.config/dots-family/daemon.toml"
[2m2026-01-18T06:20:29.008984Z[0m [32m INFO[0m ThreadId(01) [2m20:[0m Initializing policy engine
[2m2026-01-18T06:20:29.008997Z[0m [32m INFO[0m ThreadId(01) [2m88:[0m Daemon with policy engine initialized successfully
[2m2026-01-18T06:20:29.009006Z[0m [32m INFO[0m ThreadId(01) [2m31:[0m Initializing eBPF manager
[2m2026-01-18T06:20:29.009043Z[0m [32m INFO[0m ThreadId(01) [2m92:[0m eBPF manager initialized successfully
[2m2026-01-18T06:20:29.009054Z[0m [32m INFO[0m ThreadId(01) [2m72:[0m Loading eBPF programs
[2m2026-01-18T06:20:29.009072Z[0m [32m INFO[0m ThreadId(01) [2m106:[0m Environment variable BPF_PROCESS_MONITOR_PATH not set, skipping process_monitor program
[2m2026-01-18T06:20:29.009086Z[0m [32m INFO[0m ThreadId(01) [2m106:[0m Environment variable BPF_NETWORK_MONITOR_PATH not set, skipping network_monitor program
[2m2026-01-18T06:20:29.009094Z[0m [32m INFO[0m ThreadId(01) [2m106:[0m Environment variable BPF_FILESYSTEM_MONITOR_PATH not set, skipping filesystem_monitor program
[2m2026-01-18T06:20:29.009110Z[0m [32m INFO[0m ThreadId(01) [2m99:[0m eBPF programs loaded: 0/some healthy
[2m2026-01-18T06:20:29.009139Z[0m [32m INFO[0m ThreadId(01) [2m45:[0m Initializing ProfileManager with existing database instance
[2m2026-01-18T06:20:29.009459Z[0m [32m INFO[0m ThreadId(01) [2m26:[0m Starting edge case monitoring system
[2m2026-01-18T06:20:29.009491Z[0m [32m INFO[0m ThreadId(01) [2m37:[0m Starting monitoring service
[2m2026-01-18T06:20:29.009507Z[0m [32m INFO[0m ThreadId(01) [2m38:[0m Attempting to load eBPF process monitor
[2m2026-01-18T06:20:29.009576Z[0m [32m INFO[0m ThreadId(09) [2m153:[0m Network connectivity restored - running online tasks
Found CapEff line: CapEff:	0000000000000000
Parsed capability value: 0x0
Checking for CAP_BPF (0x8000000000) or CAP_SYS_ADMIN (0x200000)
No required capabilities found for eBPF
Can access BPF stats - BPF subsystem available
[2m2026-01-18T06:20:29.011859Z[0m [33m WARN[0m ThreadId(01) [2m44:[0m eBPF loading not yet implemented, using fallback simulation mode
[2m2026-01-18T06:20:29.011905Z[0m [32m INFO[0m ThreadId(01) [2m44:[0m Loading eBPF network monitor for interface: eth0
[2m2026-01-18T06:20:29.011943Z[0m [33m WARN[0m ThreadId(01) [2m75:[0m No compiled network eBPF found, creating minimal implementation
[2m2026-01-18T06:20:29.011963Z[0m [33m WARN[0m ThreadId(01) [2m95:[0m Loading minimal network monitor without eBPF programs
[2m2026-01-18T06:20:29.011984Z[0m [32m INFO[0m ThreadId(01) [2m84:[0m Loading eBPF filesystem monitor
[2m2026-01-18T06:20:29.012008Z[0m [33m WARN[0m ThreadId(01) [2m116:[0m No compiled filesystem eBPF found, creating minimal implementation
[2m2026-01-18T06:20:29.012024Z[0m [33m WARN[0m ThreadId(01) [2m138:[0m Loading minimal filesystem monitor without eBPF programs
[2m2026-01-18T06:20:29.012066Z[0m [32m INFO[0m ThreadId(01) [2m98:[0m Monitoring service started successfully
[2m2026-01-18T06:20:29.016000Z[0m [32m INFO[0m ThreadId(01) [2m147:[0m DBus service registered at org.dots.FamilyDaemon.User
[2m2026-01-18T06:20:29.016043Z[0m [32m INFO[0m ThreadId(01) [2m149:[0m eBPF monitoring service started
[2m2026-01-18T06:20:29.016099Z[0m [32m INFO[0m ThreadId(01) [2m192:[0m Daemon running with policy enforcement, waiting for shutdown signal...
[2m2026-01-18T06:20:31.252330Z[0m [32m INFO[0m ThreadId(02) [2m252:[0m Collected monitoring data - processes: 50, connections: 52, files: 100
[2m2026-01-18T06:20:41.186507Z[0m [32m INFO[0m ThreadId(08) [2m252:[0m Collected monitoring data - processes: 50, connections: 49, files: 100
[2m2026-01-18T06:20:51.235754Z[0m [32m INFO[0m ThreadId(08) [2m252:[0m Collected monitoring data - processes: 50, connections: 47, files: 100
[2m2026-01-18T06:21:01.272565Z[0m [32m INFO[0m ThreadId(08) [2m252:[0m Collected monitoring data - processes: 50, connections: 46, files: 100
[2m2026-01-18T06:21:11.626569Z[0m [32m INFO[0m ThreadId(07) [2m252:[0m Collected monitoring data - processes: 50, connections: 46, files: 100
[2m2026-01-18T06:21:21.897587Z[0m [32m INFO[0m ThreadId(07) [2m252:[0m Collected monitoring data - processes: 50, connections: 49, files: 100
[2m2026-01-18T06:21:29.011748Z[0m [32m INFO[0m ThreadId(07) [2m153:[0m Network connectivity restored - running online tasks
[2m2026-01-18T06:21:31.364304Z[0m [32m INFO[0m ThreadId(06) [2m252:[0m Collected monitoring data - processes: 50, connections: 48, files: 100
[2m2026-01-18T06:21:41.238922Z[0m [32m INFO[0m ThreadId(06) [2m252:[0m Collected monitoring data - processes: 50, connections: 48, files: 100
[2m2026-01-18T06:21:51.152360Z[0m [32m INFO[0m ThreadId(06) [2m252:[0m Collected monitoring data - processes: 50, connections: 46, files: 100
[2m2026-01-18T06:22:01.420230Z[0m [32m INFO[0m ThreadId(06) [2m252:[0m Collected monitoring data - processes: 50, connections: 46, files: 100
[2m2026-01-18T06:22:13.696711Z[0m [32m INFO[0m ThreadId(08) [2m252:[0m Collected monitoring data - processes: 50, connections: 51, files: 100
[2m2026-01-18T06:22:23.295796Z[0m [32m INFO[0m ThreadId(08) [2m252:[0m Collected monitoring data - processes: 50, connections: 53, files: 100
[2m2026-01-18T06:22:31.853227Z[0m [32m INFO[0m ThreadId(08) [2m252:[0m Collected monitoring data - processes: 50, connections: 51, files: 100
[2m2026-01-18T06:22:31.853578Z[0m [32m INFO[0m ThreadId(07) [2m153:[0m Network connectivity restored - running online tasks
[2m2026-01-18T06:22:41.468241Z[0m [32m INFO[0m ThreadId(02) [2m252:[0m Collected monitoring data - processes: 50, connections: 54, files: 100
[2m2026-01-18T06:22:51.427836Z[0m [32m INFO[0m ThreadId(02) [2m252:[0m Collected monitoring data - processes: 50, connections: 54, files: 100
[2m2026-01-18T06:23:01.512399Z[0m [32m INFO[0m ThreadId(02) [2m252:[0m Collected monitoring data - processes: 50, connections: 58, files: 100
[2m2026-01-18T06:23:12.179904Z[0m [32m INFO[0m ThreadId(06) [2m252:[0m Collected monitoring data - processes: 50, connections: 57, files: 100
[2m2026-01-18T06:23:21.364688Z[0m [32m INFO[0m ThreadId(06) [2m252:[0m Collected monitoring data - processes: 50, connections: 57, files: 100
[2m2026-01-18T06:23:31.395521Z[0m [32m INFO[0m ThreadId(06) [2m252:[0m Collected monitoring data - processes: 50, connections: 55, files: 100
[2m2026-01-18T06:23:31.856098Z[0m [32m INFO[0m ThreadId(07) [2m153:[0m Network connectivity restored - running online tasks
[2m2026-01-18T06:23:41.280313Z[0m [32m INFO[0m ThreadId(02) [2m252:[0m Collected monitoring data - processes: 50, connections: 51, files: 100
[2m2026-01-18T06:23:57.620192Z[0m [32m INFO[0m ThreadId(02) [2m252:[0m Collected monitoring data - processes: 50, connections: 54, files: 100
[2m2026-01-18T06:24:08.245666Z[0m [32m INFO[0m ThreadId(02) [2m252:[0m Collected monitoring data - processes: 50, connections: 54, files: 100
[2m2026-01-18T06:24:17.134435Z[0m [32m INFO[0m ThreadId(06) [2m252:[0m Collected monitoring data - processes: 50, connections: 54, files: 100
[2m2026-01-18T06:24:23.270592Z[0m [32m INFO[0m ThreadId(06) [2m252:[0m Collected monitoring data - processes: 50, connections: 51, files: 100
[2m2026-01-18T06:24:33.990059Z[0m [32m INFO[0m ThreadId(06) [2m252:[0m Collected monitoring data - processes: 50, connections: 51, files: 100
[2m2026-01-18T06:24:33.990697Z[0m [32m INFO[0m ThreadId(06) [2m153:[0m Network connectivity restored - running online tasks
[2m2026-01-18T06:24:41.500729Z[0m [32m INFO[0m ThreadId(07) [2m252:[0m Collected monitoring data - processes: 50, connections: 51, files: 100
[2m2026-01-18T06:24:51.204021Z[0m [32m INFO[0m ThreadId(07) [2m252:[0m Collected monitoring data - processes: 50, connections: 50, files: 100
[2m2026-01-18T06:25:01.251775Z[0m [32m INFO[0m ThreadId(07) [2m252:[0m Collected monitoring data - processes: 50, connections: 48, files: 100
[2m2026-01-18T06:25:12.320371Z[0m [32m INFO[0m ThreadId(02) [2m252:[0m Collected monitoring data - processes: 50, connections: 48, files: 100
[2m2026-01-18T06:25:21.978681Z[0m [32m INFO[0m ThreadId(02) [2m252:[0m Collected monitoring data - processes: 50, connections: 53, files: 100
[2m2026-01-18T06:25:31.694204Z[0m [32m INFO[0m ThreadId(02) [2m252:[0m Collected monitoring data - processes: 50, connections: 52, files: 100
[2m2026-01-18T06:25:33.994150Z[0m [32m INFO[0m ThreadId(06) [2m153:[0m Network connectivity restored - running online tasks
[2m2026-01-18T06:25:41.260520Z[0m [32m INFO[0m ThreadId(07) [2m252:[0m Collected monitoring data - processes: 50, connections: 52, files: 100
[2m2026-01-18T06:25:51.141704Z[0m [32m INFO[0m ThreadId(07) [2m252:[0m Collected monitoring data - processes: 50, connections: 48, files: 100
[2m2026-01-18T06:26:01.228394Z[0m [32m INFO[0m ThreadId(07) [2m252:[0m Collected monitoring data - processes: 50, connections: 46, files: 100
[2m2026-01-18T06:26:11.156361Z[0m [32m INFO[0m ThreadId(02) [2m252:[0m Collected monitoring data - processes: 50, connections: 46, files: 100
[2m2026-01-18T06:26:21.644138Z[0m [32m INFO[0m ThreadId(02) [2m252:[0m Collected monitoring data - processes: 50, connections: 45, files: 100
[2m2026-01-18T06:26:31.289979Z[0m [32m INFO[0m ThreadId(02) [2m252:[0m Collected monitoring data - processes: 50, connections: 45, files: 100
[2m2026-01-18T06:26:33.997227Z[0m [32m INFO[0m ThreadId(06) [2m153:[0m Network connectivity restored - running online tasks
[2m2026-01-18T06:26:41.987204Z[0m [32m INFO[0m ThreadId(07) [2m252:[0m Collected monitoring data - processes: 50, connections: 46, files: 100
[2m2026-01-18T06:26:51.457054Z[0m [32m INFO[0m ThreadId(07) [2m252:[0m Collected monitoring data - processes: 50, connections: 48, files: 100
[2m2026-01-18T06:27:01.375005Z[0m [32m INFO[0m ThreadId(07) [2m252:[0m Collected monitoring data - processes: 50, connections: 47, files: 100
[2m2026-01-18T06:27:11.314651Z[0m [32m INFO[0m ThreadId(06) [2m252:[0m Collected monitoring data - processes: 50, connections: 45, files: 100
[2m2026-01-18T06:27:21.373925Z[0m [32m INFO[0m ThreadId(06) [2m252:[0m Collected monitoring data - processes: 50, connections: 48, files: 100
[2m2026-01-18T06:27:33.107784Z[0m [32m INFO[0m ThreadId(06) [2m252:[0m Collected monitoring data - processes: 50, connections: 52, files: 100
[2m2026-01-18T06:27:33.999881Z[0m [32m INFO[0m ThreadId(07) [2m153:[0m Network connectivity restored - running online tasks
[2m2026-01-18T06:27:47.322738Z[0m [32m INFO[0m ThreadId(02) [2m252:[0m Collected monitoring data - processes: 50, connections: 52, files: 100
[2m2026-01-18T06:27:47.323523Z[0m [32m INFO[0m ThreadId(01) [2m201:[0m Received SIGTERM, shutting down gracefully...
[2m2026-01-18T06:27:47.323615Z[0m [32m INFO[0m ThreadId(01) [2m103:[0m Stopping monitoring service
[2m2026-01-18T06:27:47.323685Z[0m [32m INFO[0m ThreadId(01) [2m106:[0m Monitoring service stopped
[2m2026-01-18T06:27:47.323732Z[0m [32m INFO[0m ThreadId(01) [2m219:[0m Monitoring service stopped
[2m2026-01-18T06:27:47.323805Z[0m [32m INFO[0m ThreadId(01) [2m221:[0m Daemon shutdown complete
[2m2026-01-18T06:27:47.323851Z[0m [32m INFO[0m ThreadId(01) [2m36:[0m DOTS Family Daemon stopped
